#
# There is insufficient memory for the Java Runtime Environment to continue.
# Native memory allocation (malloc) failed to allocate 413536 bytes for Chunk::new
# Possible reasons:
#   The system is out of physical RAM or swap space
#   The process is running with CompressedOops enabled, and the Java Heap may be blocking the growth of the native heap
# Possible solutions:
#   Reduce memory load on the system
#   Increase physical memory or swap space
#   Check if swap backing store is full
#   Decrease Java heap size (-Xmx/-Xms)
#   Decrease number of Java threads
#   Decrease Java thread stack sizes (-Xss)
#   Set larger code cache with -XX:ReservedCodeCacheSize=
#   JVM is running with Unscaled Compressed Oops mode in which the Java heap is
#     placed in the first 4GB address space. The Java Heap base address is the
#     maximum limit for the native heap growth. Please use -XX:HeapBaseMinAddress
#     to set the Java Heap base and to place the Java Heap above 4GB virtual address.
# This output file may be truncated or incomplete.
#
#  Out of Memory Error (./open/src/hotspot/share/memory/arena.cpp:197), pid=10796, tid=6820
#
# JRE version: Java(TM) SE Runtime Environment 18.9 (11.0.15+8) (build 11.0.15+8-LTS-149)
# Java VM: Java HotSpot(TM) 64-Bit Server VM 18.9 (11.0.15+8-LTS-149, mixed mode, tiered, compressed oops, g1 gc, windows-amd64)
# No core dump will be written. Minidumps are not enabled by default on client versions of Windows
#

---------------  S U M M A R Y ------------

Command Line: -javaagent:C:\Program Files\JetBrains\IntelliJ IDEA Community Edition 2022.2.1\lib\idea_rt.jar=53180:C:\Program Files\JetBrains\IntelliJ IDEA Community Edition 2022.2.1\bin -Dfile.encoding=UTF-8 com.example.demo.DemoApplication

Host: Intel(R) Xeon(R) Platinum 8272CL CPU @ 2.60GHz, 2 cores, 7G,  Windows 10 , 64 bit Build 19041 (10.0.19041.1889)
Time: Wed Sep  7 07:23:09 2022 Coordinated Universal Time elapsed time: 4.699074 seconds (0d 0h 0m 4s)

---------------  T H R E A D  ---------------

Current thread (0x000002987ff80800):  JavaThread "C2 CompilerThread0" daemon [_thread_in_native, id=6820, stack(0x000000c6a1000000,0x000000c6a1100000)]


Current CompileTask:
C2:   4699 2814       4       org.springframework.boot.context.properties.source.SystemEnvironmentPropertyMapper::isLegacyAncestorOf (34 bytes)

Stack: [0x000000c6a1000000,0x000000c6a1100000]
Native frames: (J=compiled Java code, j=interpreted, Vv=VM code, C=native code)
V  [jvm.dll+0x629d8a]
V  [jvm.dll+0x7638ff]
V  [jvm.dll+0x764fa9]
V  [jvm.dll+0x765633]
V  [jvm.dll+0x23d9c8]
V  [jvm.dll+0xb2a1c]
V  [jvm.dll+0xb2fdc]
V  [jvm.dll+0x2ae744]
V  [jvm.dll+0x53d4c6]
V  [jvm.dll+0x20089d]
V  [jvm.dll+0x1fa64a]
V  [jvm.dll+0x1f762d]
V  [jvm.dll+0x177c51]
V  [jvm.dll+0x207026]
V  [jvm.dll+0x2051bb]
V  [jvm.dll+0x729820]
V  [jvm.dll+0x7223f4]
V  [jvm.dll+0x628c26]
C  [ucrtbase.dll+0x21bb2]
C  [KERNEL32.DLL+0x17034]
C  [ntdll.dll+0x52651]


---------------  P R O C E S S  ---------------

Threads class SMR info:
_java_thread_list=0x0000029813002660, length=14, elements={
0x000002987ff6f800, 0x000002987ff60000, 0x0000029811942800, 0x000002987ff7c800,
0x000002987ff7d800, 0x000002987ff80800, 0x000002987ff84800, 0x000002987ff88800,
0x0000029811a72000, 0x0000029811a74800, 0x0000029811a72800, 0x0000029811a75000,
0x0000029811a76000, 0x0000029811a73800
}

Java Threads: ( => current thread )
  0x000002987ff6f800 JavaThread "Reference Handler" daemon [_thread_blocked, id=7116, stack(0x000000c6a0b00000,0x000000c6a0c00000)]
  0x000002987ff60000 JavaThread "Finalizer" daemon [_thread_blocked, id=8084, stack(0x000000c6a0c00000,0x000000c6a0d00000)]
  0x0000029811942800 JavaThread "Signal Dispatcher" daemon [_thread_blocked, id=10312, stack(0x000000c6a0d00000,0x000000c6a0e00000)]
  0x000002987ff7c800 JavaThread "Attach Listener" daemon [_thread_blocked, id=8496, stack(0x000000c6a0e00000,0x000000c6a0f00000)]
  0x000002987ff7d800 JavaThread "Service Thread" daemon [_thread_blocked, id=5808, stack(0x000000c6a0f00000,0x000000c6a1000000)]
=>0x000002987ff80800 JavaThread "C2 CompilerThread0" daemon [_thread_in_native, id=6820, stack(0x000000c6a1000000,0x000000c6a1100000)]
  0x000002987ff84800 JavaThread "C1 CompilerThread0" daemon [_thread_in_native, id=8684, stack(0x000000c6a1100000,0x000000c6a1200000)]
  0x000002987ff88800 JavaThread "Sweeper thread" daemon [_thread_blocked, id=6632, stack(0x000000c6a1200000,0x000000c6a1300000)]
  0x0000029811a72000 JavaThread "Common-Cleaner" daemon [_thread_blocked, id=7104, stack(0x000000c6a1300000,0x000000c6a1400000)]
  0x0000029811a74800 JavaThread "Monitor Ctrl-Break" daemon [_thread_in_native, id=11740, stack(0x000000c6a1400000,0x000000c6a1500000)]
  0x0000029811a72800 JavaThread "spring.cloud.inetutils" daemon [_thread_blocked, id=10032, stack(0x000000c6a1700000,0x000000c6a1800000)]
  0x0000029811a75000 JavaThread "DestroyJavaVM" [_thread_blocked, id=9236, stack(0x000000c6a0400000,0x000000c6a0500000)]
  0x0000029811a76000 JavaThread "SpringApplicationShutdownHook" [_thread_in_Java, id=10060, stack(0x000000c6a1800000,0x000000c6a1900000)]
  0x0000029811a73800 JavaThread "Logging-Cleaner" [_thread_blocked, id=6476, stack(0x000000c6a1900000,0x000000c6a1a00000)]

Other Threads:
  0x000002987ff5d000 VMThread "VM Thread" [stack: 0x000000c6a0a00000,0x000000c6a0b00000] [id=10732]
  0x0000029811d66800 WatcherThread [stack: 0x000000c6a1500000,0x000000c6a1600000] [id=6096]
  0x0000029871cc0000 GCTaskThread "GC Thread#0" [stack: 0x000000c6a0500000,0x000000c6a0600000] [id=9956]
  0x0000029811e2e800 GCTaskThread "GC Thread#1" [stack: 0x000000c6a1600000,0x000000c6a1700000] [id=10356]
  0x0000029871cef800 ConcurrentGCThread "G1 Main Marker" [stack: 0x000000c6a0600000,0x000000c6a0700000] [id=8412]
  0x0000029871cf1800 ConcurrentGCThread "G1 Conc#0" [stack: 0x000000c6a0700000,0x000000c6a0800000] [id=8716]
  0x0000029871d79000 ConcurrentGCThread "G1 Refine#0" [stack: 0x000000c6a0800000,0x000000c6a0900000] [id=8836]
  0x0000029871d7a800 ConcurrentGCThread "G1 Young RemSet Sampling" [stack: 0x000000c6a0900000,0x000000c6a0a00000] [id=10684]

Threads with active compile tasks:
C2 CompilerThread0   4729 2814       4       org.springframework.boot.context.properties.source.SystemEnvironmentPropertyMapper::isLegacyAncestorOf (34 bytes)

VM state:not at safepoint (normal execution)

VM Mutex/Monitor currently owned by a thread: None

Heap address: 0x0000000080000000, size: 2048 MB, Compressed Oops mode: 32-bit
Narrow klass base: 0x0000000000000000, Narrow klass shift: 3
Compressed class space size: 1073741824 Address: 0x0000000100000000

Heap:
 garbage-first heap   total 157696K, used 38050K [0x0000000080000000, 0x0000000100000000)
  region size 1024K, 35 young (35840K), 4 survivors (4096K)
 Metaspace       used 24535K, capacity 25241K, committed 25344K, reserved 1071104K
  class space    used 2784K, capacity 3055K, committed 3072K, reserved 1048576K
Heap Regions: E=young(eden), S=young(survivor), O=old, HS=humongous(starts), HC=humongous(continues), CS=collection set, F=free, A=archive, TAMS=top-at-mark-start (previous, next)
|   0|0x0000000080000000, 0x0000000080100000, 0x0000000080100000|100%| O|  |TAMS 0x0000000080100000, 0x0000000080000000| Untracked 
|   1|0x0000000080100000, 0x0000000080200000, 0x0000000080200000|100%| O|  |TAMS 0x0000000080200000, 0x0000000080100000| Untracked 
|   2|0x0000000080200000, 0x0000000080300000, 0x0000000080300000|100%| O|  |TAMS 0x0000000080300000, 0x0000000080200000| Untracked 
|   3|0x0000000080300000, 0x00000000803cac00, 0x0000000080400000| 79%| O|  |TAMS 0x00000000803cac00, 0x0000000080300000| Untracked 
|   4|0x0000000080400000, 0x0000000080400000, 0x0000000080500000|  0%| F|  |TAMS 0x0000000080400000, 0x0000000080400000| Untracked 
|   5|0x0000000080500000, 0x0000000080500000, 0x0000000080600000|  0%| F|  |TAMS 0x0000000080500000, 0x0000000080500000| Untracked 
|   6|0x0000000080600000, 0x0000000080600000, 0x0000000080700000|  0%| F|  |TAMS 0x0000000080600000, 0x0000000080600000| Untracked 
|   7|0x0000000080700000, 0x0000000080700000, 0x0000000080800000|  0%| F|  |TAMS 0x0000000080700000, 0x0000000080700000| Untracked 
|   8|0x0000000080800000, 0x0000000080800000, 0x0000000080900000|  0%| F|  |TAMS 0x0000000080800000, 0x0000000080800000| Untracked 
|   9|0x0000000080900000, 0x0000000080900000, 0x0000000080a00000|  0%| F|  |TAMS 0x0000000080900000, 0x0000000080900000| Untracked 
|  10|0x0000000080a00000, 0x0000000080a00000, 0x0000000080b00000|  0%| F|  |TAMS 0x0000000080a00000, 0x0000000080a00000| Untracked 
|  11|0x0000000080b00000, 0x0000000080b00000, 0x0000000080c00000|  0%| F|  |TAMS 0x0000000080b00000, 0x0000000080b00000| Untracked 
|  12|0x0000000080c00000, 0x0000000080c00000, 0x0000000080d00000|  0%| F|  |TAMS 0x0000000080c00000, 0x0000000080c00000| Untracked 
|  13|0x0000000080d00000, 0x0000000080d00000, 0x0000000080e00000|  0%| F|  |TAMS 0x0000000080d00000, 0x0000000080d00000| Untracked 
|  14|0x0000000080e00000, 0x0000000080e00000, 0x0000000080f00000|  0%| F|  |TAMS 0x0000000080e00000, 0x0000000080e00000| Untracked 
|  15|0x0000000080f00000, 0x0000000080f00000, 0x0000000081000000|  0%| F|  |TAMS 0x0000000080f00000, 0x0000000080f00000| Untracked 
|  16|0x0000000081000000, 0x0000000081000000, 0x0000000081100000|  0%| F|  |TAMS 0x0000000081000000, 0x0000000081000000| Untracked 
|  17|0x0000000081100000, 0x0000000081100000, 0x0000000081200000|  0%| F|  |TAMS 0x0000000081100000, 0x0000000081100000| Untracked 
|  18|0x0000000081200000, 0x0000000081200000, 0x0000000081300000|  0%| F|  |TAMS 0x0000000081200000, 0x0000000081200000| Untracked 
|  19|0x0000000081300000, 0x0000000081300000, 0x0000000081400000|  0%| F|  |TAMS 0x0000000081300000, 0x0000000081300000| Untracked 
|  20|0x0000000081400000, 0x0000000081400000, 0x0000000081500000|  0%| F|  |TAMS 0x0000000081400000, 0x0000000081400000| Untracked 
|  21|0x0000000081500000, 0x0000000081500000, 0x0000000081600000|  0%| F|  |TAMS 0x0000000081500000, 0x0000000081500000| Untracked 
|  22|0x0000000081600000, 0x0000000081600000, 0x0000000081700000|  0%| F|  |TAMS 0x0000000081600000, 0x0000000081600000| Untracked 
|  23|0x0000000081700000, 0x0000000081700000, 0x0000000081800000|  0%| F|  |TAMS 0x0000000081700000, 0x0000000081700000| Untracked 
|  24|0x0000000081800000, 0x0000000081800000, 0x0000000081900000|  0%| F|  |TAMS 0x0000000081800000, 0x0000000081800000| Untracked 
|  25|0x0000000081900000, 0x0000000081900000, 0x0000000081a00000|  0%| F|  |TAMS 0x0000000081900000, 0x0000000081900000| Untracked 
|  26|0x0000000081a00000, 0x0000000081a00000, 0x0000000081b00000|  0%| F|  |TAMS 0x0000000081a00000, 0x0000000081a00000| Untracked 
|  27|0x0000000081b00000, 0x0000000081b00000, 0x0000000081c00000|  0%| F|  |TAMS 0x0000000081b00000, 0x0000000081b00000| Untracked 
|  28|0x0000000081c00000, 0x0000000081c00000, 0x0000000081d00000|  0%| F|  |TAMS 0x0000000081c00000, 0x0000000081c00000| Untracked 
|  29|0x0000000081d00000, 0x0000000081d00000, 0x0000000081e00000|  0%| F|  |TAMS 0x0000000081d00000, 0x0000000081d00000| Untracked 
|  30|0x0000000081e00000, 0x0000000081e00000, 0x0000000081f00000|  0%| F|  |TAMS 0x0000000081e00000, 0x0000000081e00000| Untracked 
|  31|0x0000000081f00000, 0x0000000081f00000, 0x0000000082000000|  0%| F|  |TAMS 0x0000000081f00000, 0x0000000081f00000| Untracked 
|  32|0x0000000082000000, 0x0000000082000000, 0x0000000082100000|  0%| F|  |TAMS 0x0000000082000000, 0x0000000082000000| Untracked 
|  33|0x0000000082100000, 0x0000000082100000, 0x0000000082200000|  0%| F|  |TAMS 0x0000000082100000, 0x0000000082100000| Untracked 
|  34|0x0000000082200000, 0x0000000082200000, 0x0000000082300000|  0%| F|  |TAMS 0x0000000082200000, 0x0000000082200000| Untracked 
|  35|0x0000000082300000, 0x0000000082300000, 0x0000000082400000|  0%| F|  |TAMS 0x0000000082300000, 0x0000000082300000| Untracked 
|  36|0x0000000082400000, 0x0000000082400000, 0x0000000082500000|  0%| F|  |TAMS 0x0000000082400000, 0x0000000082400000| Untracked 
|  37|0x0000000082500000, 0x0000000082500000, 0x0000000082600000|  0%| F|  |TAMS 0x0000000082500000, 0x0000000082500000| Untracked 
|  38|0x0000000082600000, 0x0000000082600000, 0x0000000082700000|  0%| F|  |TAMS 0x0000000082600000, 0x0000000082600000| Untracked 
|  39|0x0000000082700000, 0x0000000082700000, 0x0000000082800000|  0%| F|  |TAMS 0x0000000082700000, 0x0000000082700000| Untracked 
|  40|0x0000000082800000, 0x0000000082800000, 0x0000000082900000|  0%| F|  |TAMS 0x0000000082800000, 0x0000000082800000| Untracked 
|  41|0x0000000082900000, 0x0000000082900000, 0x0000000082a00000|  0%| F|  |TAMS 0x0000000082900000, 0x0000000082900000| Untracked 
|  42|0x0000000082a00000, 0x0000000082a00000, 0x0000000082b00000|  0%| F|  |TAMS 0x0000000082a00000, 0x0000000082a00000| Untracked 
|  43|0x0000000082b00000, 0x0000000082b00000, 0x0000000082c00000|  0%| F|  |TAMS 0x0000000082b00000, 0x0000000082b00000| Untracked 
|  44|0x0000000082c00000, 0x0000000082c00000, 0x0000000082d00000|  0%| F|  |TAMS 0x0000000082c00000, 0x0000000082c00000| Untracked 
|  45|0x0000000082d00000, 0x0000000082d00000, 0x0000000082e00000|  0%| F|  |TAMS 0x0000000082d00000, 0x0000000082d00000| Untracked 
|  46|0x0000000082e00000, 0x0000000082e00000, 0x0000000082f00000|  0%| F|  |TAMS 0x0000000082e00000, 0x0000000082e00000| Untracked 
|  47|0x0000000082f00000, 0x0000000082f00000, 0x0000000083000000|  0%| F|  |TAMS 0x0000000082f00000, 0x0000000082f00000| Untracked 
|  48|0x0000000083000000, 0x0000000083000000, 0x0000000083100000|  0%| F|  |TAMS 0x0000000083000000, 0x0000000083000000| Untracked 
|  49|0x0000000083100000, 0x0000000083100000, 0x0000000083200000|  0%| F|  |TAMS 0x0000000083100000, 0x0000000083100000| Untracked 
|  50|0x0000000083200000, 0x0000000083200000, 0x0000000083300000|  0%| F|  |TAMS 0x0000000083200000, 0x0000000083200000| Untracked 
|  51|0x0000000083300000, 0x0000000083300000, 0x0000000083400000|  0%| F|  |TAMS 0x0000000083300000, 0x0000000083300000| Untracked 
|  52|0x0000000083400000, 0x0000000083400000, 0x0000000083500000|  0%| F|  |TAMS 0x0000000083400000, 0x0000000083400000| Untracked 
|  53|0x0000000083500000, 0x0000000083500000, 0x0000000083600000|  0%| F|  |TAMS 0x0000000083500000, 0x0000000083500000| Untracked 
|  54|0x0000000083600000, 0x0000000083600000, 0x0000000083700000|  0%| F|  |TAMS 0x0000000083600000, 0x0000000083600000| Untracked 
|  55|0x0000000083700000, 0x0000000083700000, 0x0000000083800000|  0%| F|  |TAMS 0x0000000083700000, 0x0000000083700000| Untracked 
|  56|0x0000000083800000, 0x0000000083800000, 0x0000000083900000|  0%| F|  |TAMS 0x0000000083800000, 0x0000000083800000| Untracked 
|  57|0x0000000083900000, 0x0000000083900000, 0x0000000083a00000|  0%| F|  |TAMS 0x0000000083900000, 0x0000000083900000| Untracked 
|  58|0x0000000083a00000, 0x0000000083a00000, 0x0000000083b00000|  0%| F|  |TAMS 0x0000000083a00000, 0x0000000083a00000| Untracked 
|  59|0x0000000083b00000, 0x0000000083b00000, 0x0000000083c00000|  0%| F|  |TAMS 0x0000000083b00000, 0x0000000083b00000| Untracked 
|  60|0x0000000083c00000, 0x0000000083c00000, 0x0000000083d00000|  0%| F|  |TAMS 0x0000000083c00000, 0x0000000083c00000| Untracked 
|  61|0x0000000083d00000, 0x0000000083d00000, 0x0000000083e00000|  0%| F|  |TAMS 0x0000000083d00000, 0x0000000083d00000| Untracked 
|  62|0x0000000083e00000, 0x0000000083e00000, 0x0000000083f00000|  0%| F|  |TAMS 0x0000000083e00000, 0x0000000083e00000| Untracked 
|  63|0x0000000083f00000, 0x0000000083f00000, 0x0000000084000000|  0%| F|  |TAMS 0x0000000083f00000, 0x0000000083f00000| Untracked 
|  64|0x0000000084000000, 0x0000000084000000, 0x0000000084100000|  0%| F|  |TAMS 0x0000000084000000, 0x0000000084000000| Untracked 
|  65|0x0000000084100000, 0x0000000084100000, 0x0000000084200000|  0%| F|  |TAMS 0x0000000084100000, 0x0000000084100000| Untracked 
|  66|0x0000000084200000, 0x0000000084200000, 0x0000000084300000|  0%| F|  |TAMS 0x0000000084200000, 0x0000000084200000| Untracked 
|  67|0x0000000084300000, 0x0000000084300000, 0x0000000084400000|  0%| F|  |TAMS 0x0000000084300000, 0x0000000084300000| Untracked 
|  68|0x0000000084400000, 0x0000000084400000, 0x0000000084500000|  0%| F|  |TAMS 0x0000000084400000, 0x0000000084400000| Untracked 
|  69|0x0000000084500000, 0x0000000084500000, 0x0000000084600000|  0%| F|  |TAMS 0x0000000084500000, 0x0000000084500000| Untracked 
|  70|0x0000000084600000, 0x0000000084600000, 0x0000000084700000|  0%| F|  |TAMS 0x0000000084600000, 0x0000000084600000| Untracked 
|  71|0x0000000084700000, 0x0000000084700000, 0x0000000084800000|  0%| F|  |TAMS 0x0000000084700000, 0x0000000084700000| Untracked 
|  72|0x0000000084800000, 0x0000000084800000, 0x0000000084900000|  0%| F|  |TAMS 0x0000000084800000, 0x0000000084800000| Untracked 
|  73|0x0000000084900000, 0x0000000084900000, 0x0000000084a00000|  0%| F|  |TAMS 0x0000000084900000, 0x0000000084900000| Untracked 
|  74|0x0000000084a00000, 0x0000000084a00000, 0x0000000084b00000|  0%| F|  |TAMS 0x0000000084a00000, 0x0000000084a00000| Untracked 
|  75|0x0000000084b00000, 0x0000000084b00000, 0x0000000084c00000|  0%| F|  |TAMS 0x0000000084b00000, 0x0000000084b00000| Untracked 
|  76|0x0000000084c00000, 0x0000000084c00000, 0x0000000084d00000|  0%| F|  |TAMS 0x0000000084c00000, 0x0000000084c00000| Untracked 
|  77|0x0000000084d00000, 0x0000000084d00000, 0x0000000084e00000|  0%| F|  |TAMS 0x0000000084d00000, 0x0000000084d00000| Untracked 
|  78|0x0000000084e00000, 0x0000000084e00000, 0x0000000084f00000|  0%| F|  |TAMS 0x0000000084e00000, 0x0000000084e00000| Untracked 
|  79|0x0000000084f00000, 0x0000000084f00000, 0x0000000085000000|  0%| F|  |TAMS 0x0000000084f00000, 0x0000000084f00000| Untracked 
|  80|0x0000000085000000, 0x0000000085000000, 0x0000000085100000|  0%| F|  |TAMS 0x0000000085000000, 0x0000000085000000| Untracked 
|  81|0x0000000085100000, 0x0000000085100000, 0x0000000085200000|  0%| F|  |TAMS 0x0000000085100000, 0x0000000085100000| Untracked 
|  82|0x0000000085200000, 0x0000000085200000, 0x0000000085300000|  0%| F|  |TAMS 0x0000000085200000, 0x0000000085200000| Untracked 
|  83|0x0000000085300000, 0x0000000085300000, 0x0000000085400000|  0%| F|  |TAMS 0x0000000085300000, 0x0000000085300000| Untracked 
|  84|0x0000000085400000, 0x0000000085400000, 0x0000000085500000|  0%| F|  |TAMS 0x0000000085400000, 0x0000000085400000| Untracked 
|  85|0x0000000085500000, 0x0000000085500000, 0x0000000085600000|  0%| F|  |TAMS 0x0000000085500000, 0x0000000085500000| Untracked 
|  86|0x0000000085600000, 0x0000000085600000, 0x0000000085700000|  0%| F|  |TAMS 0x0000000085600000, 0x0000000085600000| Untracked 
|  87|0x0000000085700000, 0x0000000085700000, 0x0000000085800000|  0%| F|  |TAMS 0x0000000085700000, 0x0000000085700000| Untracked 
|  88|0x0000000085800000, 0x0000000085800000, 0x0000000085900000|  0%| F|  |TAMS 0x0000000085800000, 0x0000000085800000| Untracked 
|  89|0x0000000085900000, 0x0000000085900000, 0x0000000085a00000|  0%| F|  |TAMS 0x0000000085900000, 0x0000000085900000| Untracked 
|  90|0x0000000085a00000, 0x0000000085a00000, 0x0000000085b00000|  0%| F|  |TAMS 0x0000000085a00000, 0x0000000085a00000| Untracked 
|  91|0x0000000085b00000, 0x0000000085b00000, 0x0000000085c00000|  0%| F|  |TAMS 0x0000000085b00000, 0x0000000085b00000| Untracked 
|  92|0x0000000085c00000, 0x0000000085c00000, 0x0000000085d00000|  0%| F|  |TAMS 0x0000000085c00000, 0x0000000085c00000| Untracked 
|  93|0x0000000085d00000, 0x0000000085d00000, 0x0000000085e00000|  0%| F|  |TAMS 0x0000000085d00000, 0x0000000085d00000| Untracked 
|  94|0x0000000085e00000, 0x0000000085e00000, 0x0000000085f00000|  0%| F|  |TAMS 0x0000000085e00000, 0x0000000085e00000| Untracked 
|  95|0x0000000085f00000, 0x0000000085f00000, 0x0000000086000000|  0%| F|  |TAMS 0x0000000085f00000, 0x0000000085f00000| Untracked 
|  96|0x0000000086000000, 0x0000000086000000, 0x0000000086100000|  0%| F|  |TAMS 0x0000000086000000, 0x0000000086000000| Untracked 
|  97|0x0000000086100000, 0x0000000086100000, 0x0000000086200000|  0%| F|  |TAMS 0x0000000086100000, 0x0000000086100000| Untracked 
|  98|0x0000000086200000, 0x0000000086200000, 0x0000000086300000|  0%| F|  |TAMS 0x0000000086200000, 0x0000000086200000| Untracked 
|  99|0x0000000086300000, 0x0000000086300000, 0x0000000086400000|  0%| F|  |TAMS 0x0000000086300000, 0x0000000086300000| Untracked 
| 100|0x0000000086400000, 0x0000000086400000, 0x0000000086500000|  0%| F|  |TAMS 0x0000000086400000, 0x0000000086400000| Untracked 
| 101|0x0000000086500000, 0x0000000086500000, 0x0000000086600000|  0%| F|  |TAMS 0x0000000086500000, 0x0000000086500000| Untracked 
| 102|0x0000000086600000, 0x0000000086600000, 0x0000000086700000|  0%| F|  |TAMS 0x0000000086600000, 0x0000000086600000| Untracked 
| 103|0x0000000086700000, 0x000000008675dd80, 0x0000000086800000| 36%| S|CS|TAMS 0x0000000086700000, 0x0000000086700000| Complete 
| 104|0x0000000086800000, 0x0000000086900000, 0x0000000086900000|100%| S|CS|TAMS 0x0000000086800000, 0x0000000086800000| Complete 
| 105|0x0000000086900000, 0x0000000086a00000, 0x0000000086a00000|100%| S|CS|TAMS 0x0000000086900000, 0x0000000086900000| Complete 
| 106|0x0000000086a00000, 0x0000000086b00000, 0x0000000086b00000|100%| S|CS|TAMS 0x0000000086a00000, 0x0000000086a00000| Complete 
| 107|0x0000000086b00000, 0x0000000086b00000, 0x0000000086c00000|  0%| F|  |TAMS 0x0000000086b00000, 0x0000000086b00000| Untracked 
| 108|0x0000000086c00000, 0x0000000086c00000, 0x0000000086d00000|  0%| F|  |TAMS 0x0000000086c00000, 0x0000000086c00000| Untracked 
| 109|0x0000000086d00000, 0x0000000086d00000, 0x0000000086e00000|  0%| F|  |TAMS 0x0000000086d00000, 0x0000000086d00000| Untracked 
| 110|0x0000000086e00000, 0x0000000086e00000, 0x0000000086f00000|  0%| F|  |TAMS 0x0000000086e00000, 0x0000000086e00000| Untracked 
| 111|0x0000000086f00000, 0x0000000086f00000, 0x0000000087000000|  0%| F|  |TAMS 0x0000000086f00000, 0x0000000086f00000| Untracked 
| 112|0x0000000087000000, 0x0000000087000000, 0x0000000087100000|  0%| F|  |TAMS 0x0000000087000000, 0x0000000087000000| Untracked 
| 113|0x0000000087100000, 0x0000000087100000, 0x0000000087200000|  0%| F|  |TAMS 0x0000000087100000, 0x0000000087100000| Untracked 
| 114|0x0000000087200000, 0x0000000087200000, 0x0000000087300000|  0%| F|  |TAMS 0x0000000087200000, 0x0000000087200000| Untracked 
| 115|0x0000000087300000, 0x0000000087300000, 0x0000000087400000|  0%| F|  |TAMS 0x0000000087300000, 0x0000000087300000| Untracked 
| 116|0x0000000087400000, 0x0000000087400000, 0x0000000087500000|  0%| F|  |TAMS 0x0000000087400000, 0x0000000087400000| Untracked 
| 117|0x0000000087500000, 0x0000000087500000, 0x0000000087600000|  0%| F|  |TAMS 0x0000000087500000, 0x0000000087500000| Untracked 
| 118|0x0000000087600000, 0x0000000087600000, 0x0000000087700000|  0%| F|  |TAMS 0x0000000087600000, 0x0000000087600000| Untracked 
| 119|0x0000000087700000, 0x0000000087700000, 0x0000000087800000|  0%| F|  |TAMS 0x0000000087700000, 0x0000000087700000| Untracked 
| 120|0x0000000087800000, 0x0000000087800000, 0x0000000087900000|  0%| F|  |TAMS 0x0000000087800000, 0x0000000087800000| Untracked 
| 121|0x0000000087900000, 0x0000000087900000, 0x0000000087a00000|  0%| F|  |TAMS 0x0000000087900000, 0x0000000087900000| Untracked 
| 122|0x0000000087a00000, 0x0000000087a00000, 0x0000000087b00000|  0%| F|  |TAMS 0x0000000087a00000, 0x0000000087a00000| Untracked 
| 123|0x0000000087b00000, 0x0000000087b80800, 0x0000000087c00000| 50%| E|  |TAMS 0x0000000087b00000, 0x0000000087b00000| Complete 
| 124|0x0000000087c00000, 0x0000000087d00000, 0x0000000087d00000|100%| E|CS|TAMS 0x0000000087c00000, 0x0000000087c00000| Complete 
| 125|0x0000000087d00000, 0x0000000087e00000, 0x0000000087e00000|100%| E|CS|TAMS 0x0000000087d00000, 0x0000000087d00000| Complete 
| 126|0x0000000087e00000, 0x0000000087f00000, 0x0000000087f00000|100%| E|CS|TAMS 0x0000000087e00000, 0x0000000087e00000| Complete 
| 127|0x0000000087f00000, 0x0000000088000000, 0x0000000088000000|100%| E|CS|TAMS 0x0000000087f00000, 0x0000000087f00000| Complete 
| 128|0x0000000088000000, 0x0000000088100000, 0x0000000088100000|100%| E|CS|TAMS 0x0000000088000000, 0x0000000088000000| Complete 
| 129|0x0000000088100000, 0x0000000088200000, 0x0000000088200000|100%| E|CS|TAMS 0x0000000088100000, 0x0000000088100000| Complete 
| 130|0x0000000088200000, 0x0000000088300000, 0x0000000088300000|100%| E|CS|TAMS 0x0000000088200000, 0x0000000088200000| Complete 
| 131|0x0000000088300000, 0x0000000088400000, 0x0000000088400000|100%| E|CS|TAMS 0x0000000088300000, 0x0000000088300000| Complete 
| 132|0x0000000088400000, 0x0000000088500000, 0x0000000088500000|100%| E|CS|TAMS 0x0000000088400000, 0x0000000088400000| Complete 
| 133|0x0000000088500000, 0x0000000088600000, 0x0000000088600000|100%| E|CS|TAMS 0x0000000088500000, 0x0000000088500000| Complete 
| 134|0x0000000088600000, 0x0000000088700000, 0x0000000088700000|100%| E|CS|TAMS 0x0000000088600000, 0x0000000088600000| Complete 
| 135|0x0000000088700000, 0x0000000088800000, 0x0000000088800000|100%| E|CS|TAMS 0x0000000088700000, 0x0000000088700000| Complete 
| 136|0x0000000088800000, 0x0000000088900000, 0x0000000088900000|100%| E|CS|TAMS 0x0000000088800000, 0x0000000088800000| Complete 
| 137|0x0000000088900000, 0x0000000088a00000, 0x0000000088a00000|100%| E|CS|TAMS 0x0000000088900000, 0x0000000088900000| Complete 
| 138|0x0000000088a00000, 0x0000000088b00000, 0x0000000088b00000|100%| E|CS|TAMS 0x0000000088a00000, 0x0000000088a00000| Complete 
| 139|0x0000000088b00000, 0x0000000088c00000, 0x0000000088c00000|100%| E|CS|TAMS 0x0000000088b00000, 0x0000000088b00000| Complete 
| 140|0x0000000088c00000, 0x0000000088d00000, 0x0000000088d00000|100%| E|CS|TAMS 0x0000000088c00000, 0x0000000088c00000| Complete 
| 141|0x0000000088d00000, 0x0000000088e00000, 0x0000000088e00000|100%| E|CS|TAMS 0x0000000088d00000, 0x0000000088d00000| Complete 
| 142|0x0000000088e00000, 0x0000000088f00000, 0x0000000088f00000|100%| E|CS|TAMS 0x0000000088e00000, 0x0000000088e00000| Complete 
| 143|0x0000000088f00000, 0x0000000089000000, 0x0000000089000000|100%| E|CS|TAMS 0x0000000088f00000, 0x0000000088f00000| Complete 
| 144|0x0000000089000000, 0x0000000089100000, 0x0000000089100000|100%| E|CS|TAMS 0x0000000089000000, 0x0000000089000000| Complete 
| 145|0x0000000089100000, 0x0000000089200000, 0x0000000089200000|100%| E|CS|TAMS 0x0000000089100000, 0x0000000089100000| Complete 
| 146|0x0000000089200000, 0x0000000089300000, 0x0000000089300000|100%| E|CS|TAMS 0x0000000089200000, 0x0000000089200000| Complete 
| 147|0x0000000089300000, 0x0000000089400000, 0x0000000089400000|100%| E|CS|TAMS 0x0000000089300000, 0x0000000089300000| Complete 
| 148|0x0000000089400000, 0x0000000089500000, 0x0000000089500000|100%| E|CS|TAMS 0x0000000089400000, 0x0000000089400000| Complete 
| 149|0x0000000089500000, 0x0000000089600000, 0x0000000089600000|100%| E|CS|TAMS 0x0000000089500000, 0x0000000089500000| Complete 
| 150|0x0000000089600000, 0x0000000089700000, 0x0000000089700000|100%| E|CS|TAMS 0x0000000089600000, 0x0000000089600000| Complete 
| 151|0x0000000089700000, 0x0000000089800000, 0x0000000089800000|100%| E|CS|TAMS 0x0000000089700000, 0x0000000089700000| Complete 
| 152|0x0000000089800000, 0x0000000089900000, 0x0000000089900000|100%| E|CS|TAMS 0x0000000089800000, 0x0000000089800000| Complete 
| 153|0x0000000089900000, 0x0000000089a00000, 0x0000000089a00000|100%| E|CS|TAMS 0x0000000089900000, 0x0000000089900000| Complete 

Card table byte_map: [0x000002987b350000,0x000002987b750000] _byte_map_base: 0x000002987af50000

Marking Bits (Prev, Next): (CMBitMap*) 0x0000029871ce6770, (CMBitMap*) 0x0000029871ce6738
 Prev Bits: [0x000002987db50000, 0x000002987fb50000)
 Next Bits: [0x000002987bb50000, 0x000002987db50000)

Polling page: 0x0000029871d90000

Metaspace:

Usage:
  Non-class:     21.67 MB capacity,    21.25 MB ( 98%) used,   351.43 KB (  2%) free+waste,    78.63 KB ( <1%) overhead. 
      Class:      2.98 MB capacity,     2.72 MB ( 91%) used,   231.73 KB (  8%) free+waste,    38.50 KB (  1%) overhead. 
       Both:     24.65 MB capacity,    23.97 MB ( 97%) used,   583.16 KB (  2%) free+waste,   117.13 KB ( <1%) overhead. 

Virtual space:
  Non-class space:       22.00 MB reserved,      21.75 MB ( 99%) committed 
      Class space:        1.00 GB reserved,       3.00 MB ( <1%) committed 
             Both:        1.02 GB reserved,      24.75 MB (  2%) committed 

Chunk freelists:
   Non-Class:  2.75 KB
       Class:  0 bytes
        Both:  2.75 KB

CodeHeap 'non-profiled nmethods': size=120064Kb used=1061Kb max_used=1061Kb free=119002Kb
 bounds [0x0000029807ac0000, 0x0000029807d30000, 0x000002980f000000]
CodeHeap 'profiled nmethods': size=120000Kb used=6041Kb max_used=6041Kb free=113959Kb
 bounds [0x0000029800590000, 0x0000029800b80000, 0x0000029807ac0000]
CodeHeap 'non-nmethods': size=5696Kb used=1130Kb max_used=1153Kb free=4565Kb
 bounds [0x0000029800000000, 0x0000029800270000, 0x0000029800590000]
 total_blobs=3302 nmethods=2863 adapters=349
 compilation: enabled
              stopped_count=0, restarted_count=0
 full_count=0

Compilation events (10 events):
Event: 4.691 Thread 0x000002987ff84800 nmethod 2840 0x0000029800b59610 code [0x0000029800b597e0, 0x0000029800b59d78]
Event: 4.692 Thread 0x000002987ff84800 2841       3       java.lang.Class::getGenericSuperclass (28 bytes)
Event: 4.693 Thread 0x000002987ff84800 nmethod 2841 0x0000029800b59f10 code [0x0000029800b5a160, 0x0000029800b5aaf8]
Event: 4.693 Thread 0x000002987ff84800 2842       3       org.springframework.core.ResolvableType$WildcardBounds::get (134 bytes)
Event: 4.694 Thread 0x000002987ff84800 nmethod 2842 0x0000029800b5ae10 code [0x0000029800b5b0a0, 0x0000029800b5bf18]
Event: 4.694 Thread 0x000002987ff84800 2843       3       org.springframework.core.OrderComparator::compare (8 bytes)
Event: 4.694 Thread 0x000002987ff84800 nmethod 2843 0x0000029800b5c390 code [0x0000029800b5c540, 0x0000029800b5c668]
Event: 4.696 Thread 0x000002987ff84800 2844       3       java.util.TreeMap::successor (66 bytes)
Event: 4.696 Thread 0x000002987ff84800 nmethod 2844 0x0000029800b5c710 code [0x0000029800b5c8c0, 0x0000029800b5cbf8]
Event: 4.696 Thread 0x000002987ff84800 2845       3       org.springframework.boot.autoconfigure.condition.ConditionEvaluationReport$$Lambda$375/0x00000001002f9440::accept (20 bytes)

GC Heap History (10 events):
Event: 0.846 GC heap before
{Heap before GC invocations=0 (full 0):
 garbage-first heap   total 131072K, used 7168K [0x0000000080000000, 0x0000000100000000)
  region size 1024K, 7 young (7168K), 0 survivors (0K)
 Metaspace       used 7246K, capacity 7375K, committed 7680K, reserved 1056768K
  class space    used 640K, capacity 670K, committed 768K, reserved 1048576K
}
Event: 0.858 GC heap after
{Heap after GC invocations=1 (full 0):
 garbage-first heap   total 131072K, used 2909K [0x0000000080000000, 0x0000000100000000)
  region size 1024K, 1 young (1024K), 1 survivors (1024K)
 Metaspace       used 7246K, capacity 7375K, committed 7680K, reserved 1056768K
  class space    used 640K, capacity 670K, committed 768K, reserved 1048576K
}
Event: 1.172 GC heap before
{Heap before GC invocations=1 (full 0):
 garbage-first heap   total 131072K, used 8029K [0x0000000080000000, 0x0000000100000000)
  region size 1024K, 6 young (6144K), 1 survivors (1024K)
 Metaspace       used 9706K, capacity 9877K, committed 9984K, reserved 1058816K
  class space    used 899K, capacity 952K, committed 1024K, reserved 1048576K
}
Event: 1.177 GC heap after
{Heap after GC invocations=2 (full 0):
 garbage-first heap   total 131072K, used 3919K [0x0000000080000000, 0x0000000100000000)
  region size 1024K, 1 young (1024K), 1 survivors (1024K)
 Metaspace       used 9706K, capacity 9877K, committed 9984K, reserved 1058816K
  class space    used 899K, capacity 952K, committed 1024K, reserved 1048576K
}
Event: 1.635 GC heap before
{Heap before GC invocations=2 (full 0):
 garbage-first heap   total 131072K, used 15183K [0x0000000080000000, 0x0000000100000000)
  region size 1024K, 12 young (12288K), 1 survivors (1024K)
 Metaspace       used 13869K, capacity 14097K, committed 14336K, reserved 1062912K
  class space    used 1375K, capacity 1449K, committed 1536K, reserved 1048576K
}
Event: 1.642 GC heap after
{Heap after GC invocations=3 (full 0):
 garbage-first heap   total 131072K, used 4937K [0x0000000080000000, 0x0000000100000000)
  region size 1024K, 2 young (2048K), 2 survivors (2048K)
 Metaspace       used 13869K, capacity 14097K, committed 14336K, reserved 1062912K
  class space    used 1375K, capacity 1449K, committed 1536K, reserved 1048576K
}
Event: 2.386 GC heap before
{Heap before GC invocations=3 (full 0):
 garbage-first heap   total 131072K, used 21321K [0x0000000080000000, 0x0000000100000000)
  region size 1024K, 18 young (18432K), 2 survivors (2048K)
 Metaspace       used 17731K, capacity 18120K, committed 18304K, reserved 1064960K
  class space    used 1915K, capacity 2106K, committed 2176K, reserved 1048576K
}
Event: 2.395 GC heap after
{Heap after GC invocations=4 (full 0):
 garbage-first heap   total 131072K, used 6095K [0x0000000080000000, 0x0000000100000000)
  region size 1024K, 3 young (3072K), 3 survivors (3072K)
 Metaspace       used 17731K, capacity 18120K, committed 18304K, reserved 1064960K
  class space    used 1915K, capacity 2106K, committed 2176K, reserved 1048576K
}
Event: 3.323 GC heap before
{Heap before GC invocations=4 (full 0):
 garbage-first heap   total 131072K, used 23503K [0x0000000080000000, 0x0000000100000000)
  region size 1024K, 21 young (21504K), 3 survivors (3072K)
 Metaspace       used 20650K, capacity 21146K, committed 21248K, reserved 1069056K
  class space    used 2289K, capacity 2516K, committed 2560K, reserved 1048576K
}
Event: 3.334 GC heap after
{Heap after GC invocations=5 (full 0):
 garbage-first heap   total 157696K, used 7330K [0x0000000080000000, 0x0000000100000000)
  region size 1024K, 4 young (4096K), 4 survivors (4096K)
 Metaspace       used 20650K, capacity 21146K, committed 21248K, reserved 1069056K
  class space    used 2289K, capacity 2516K, committed 2560K, reserved 1048576K
}

Deoptimization events (10 events):
Event: 4.309 Thread 0x0000029871caa800 Uncommon trap: reason=unstable_if action=reinterpret pc=0x0000029807b3cc30 method=java.util.Arrays.equals([Ljava/lang/Object;[Ljava/lang/Object;)Z @ 44 c2
Event: 4.465 Thread 0x0000029871caa800 Uncommon trap: reason=unstable_if action=reinterpret pc=0x0000029807b98920 method=org.springframework.util.ConcurrentReferenceHashMap$Segment.findInChain(Lorg/springframework/util/ConcurrentReferenceHashMap$Reference;Ljava/lang/Object;I)Lorg/springframewo
Event: 4.465 Thread 0x0000029871caa800 Uncommon trap: reason=unstable_if action=reinterpret pc=0x0000029807b94b5c method=org.springframework.util.ConcurrentReferenceHashMap$Segment.findInChain(Lorg/springframework/util/ConcurrentReferenceHashMap$Reference;Ljava/lang/Object;I)Lorg/springframewo
Event: 4.630 Thread 0x0000029871caa800 Uncommon trap: reason=predicate action=maybe_recompile pc=0x0000029807bc65d4 method=java.util.AbstractCollection.toArray([Ljava/lang/Object;)[Ljava/lang/Object; @ 43 c2
Event: 4.657 Thread 0x0000029871caa800 Uncommon trap: reason=array_check action=maybe_recompile pc=0x0000029807bc7610 method=java.util.AbstractCollection.toArray([Ljava/lang/Object;)[Ljava/lang/Object; @ 116 c2
Event: 4.658 Thread 0x0000029871caa800 Uncommon trap: reason=array_check action=maybe_recompile pc=0x0000029807bc7610 method=java.util.AbstractCollection.toArray([Ljava/lang/Object;)[Ljava/lang/Object; @ 116 c2
Event: 4.658 Thread 0x0000029871caa800 Uncommon trap: reason=array_check action=maybe_recompile pc=0x0000029807bc7610 method=java.util.AbstractCollection.toArray([Ljava/lang/Object;)[Ljava/lang/Object; @ 116 c2
Event: 4.658 Thread 0x0000029871caa800 Uncommon trap: reason=array_check action=maybe_recompile pc=0x0000029807bc7610 method=java.util.AbstractCollection.toArray([Ljava/lang/Object;)[Ljava/lang/Object; @ 116 c2
Event: 4.659 Thread 0x0000029871caa800 Uncommon trap: reason=class_check action=maybe_recompile pc=0x0000029807b27cd8 method=org.springframework.boot.context.properties.source.ConfigurationPropertyName$Elements.charAt(II)C @ 43 c2
Event: 4.659 Thread 0x0000029871caa800 Uncommon trap: reason=class_check action=maybe_recompile pc=0x0000029807b27cd8 method=org.springframework.boot.context.properties.source.ConfigurationPropertyName$Elements.charAt(II)C @ 43 c2

Classes redefined (0 events):
No events

Internal exceptions (10 events):
Event: 4.348 Thread 0x0000029871caa800 Exception <a 'java/lang/NoSuchMethodError'{0x000000008835f508}: java.lang.invoke.DirectMethodHandle$Holder.invokeSpecial(Ljava/lang/Object;Ljava/lang/Object;Ljava/lang/Object;Ljava/lang/Object;Ljava/lang/Object;)I> (0x000000008835f508) thrown at [./open/s
Event: 4.393 Thread 0x0000029871caa800 Exception <a 'java/lang/NoClassDefFoundError'{0x00000000882b8a28}: com/fasterxml/jackson/databind/exc/InvalidDefinitionException> (0x00000000882b8a28) thrown at [./open/src/hotspot/share/classfile/systemDictionary.cpp, line 215]
Event: 4.475 Thread 0x0000029871caa800 Exception <a 'java/lang/ClassNotFoundException'{0x00000000880b9878}: java/lang/ObjectCustomizer> (0x00000000880b9878) thrown at [./open/src/hotspot/share/classfile/systemDictionary.cpp, line 226]
Event: 4.480 Thread 0x0000029871caa800 Exception <a 'java/lang/ClassNotFoundException'{0x00000000880c6450}: org/springframework/cloud/client/discovery/simple/SimpleDiscoveryClientAutoConfigurationCustomizer> (0x00000000880c6450) thrown at [./open/src/hotspot/share/classfile/systemDictionary.cp
Event: 4.483 Thread 0x0000029871caa800 Exception <a 'java/lang/ClassNotFoundException'{0x00000000880d7248}: org/springframework/context/ApplicationListenerCustomizer> (0x00000000880d7248) thrown at [./open/src/hotspot/share/classfile/systemDictionary.cpp, line 226]
Event: 4.484 Thread 0x0000029871caa800 Exception <a 'java/lang/ClassNotFoundException'{0x00000000880db8d0}: java/util/EventListenerCustomizer> (0x00000000880db8d0) thrown at [./open/src/hotspot/share/classfile/systemDictionary.cpp, line 226]
Event: 4.687 Thread 0x0000029871caa800 Exception <a 'java/lang/NoSuchMethodError'{0x0000000087de6c80}: java.lang.invoke.DirectMethodHandle$Holder.invokeSpecial(Ljava/lang/Object;Ljava/lang/Object;ILjava/lang/Object;ILjava/lang/Object;)Ljava/lang/Object;> (0x0000000087de6c80) thrown at [./open/
Event: 4.687 Thread 0x0000029871caa800 Exception <a 'java/lang/NoSuchMethodError'{0x0000000087dee160}: java.lang.invoke.DirectMethodHandle$Holder.invokeStatic(Ljava/lang/Object;Ljava/lang/Object;ILjava/lang/Object;I)Ljava/lang/Object;> (0x0000000087dee160) thrown at [./open/src/hotspot/share/i
Event: 4.687 Thread 0x0000029871caa800 Exception <a 'java/lang/NoSuchMethodError'{0x0000000087df1938}: java.lang.invoke.DirectMethodHandle$Holder.invokeSpecial(Ljava/lang/Object;Ljava/lang/Object;Ljava/lang/Object;ILjava/lang/Object;I)Ljava/lang/Object;> (0x0000000087df1938) thrown at [./open/
Event: 4.690 Thread 0x0000029871caa800 Exception <a 'java/lang/NoSuchMethodError'{0x0000000087dfc450}: java.lang.invoke.DirectMethodHandle$Holder.invokeVirtual(Ljava/lang/Object;Ljava/lang/Object;)V> (0x0000000087dfc450) thrown at [./open/src/hotspot/share/interpreter/linkResolver.cpp, line 77

Events (10 events):
Event: 4.690 loading class org/springframework/boot/rsocket/context/RSocketServerInitializedEvent
Event: 4.690 loading class org/springframework/boot/rsocket/context/RSocketServerInitializedEvent done
Event: 4.695 loading class org/springframework/boot/autoconfigure/condition/ConditionEvaluationReport$ConditionAndOutcomes
Event: 4.695 loading class org/springframework/boot/autoconfigure/condition/ConditionEvaluationReport$ConditionAndOutcomes done
Event: 4.695 loading class org/springframework/boot/autoconfigure/condition/ConditionEvaluationReport$ConditionAndOutcomes
Event: 4.695 loading class org/springframework/boot/autoconfigure/condition/ConditionEvaluationReport$ConditionAndOutcomes done
Event: 4.695 loading class org/springframework/boot/autoconfigure/condition/ConditionEvaluationReport
Event: 4.695 loading class org/springframework/boot/autoconfigure/condition/ConditionEvaluationReport done
Event: 4.696 loading class org/springframework/boot/autoconfigure/condition/ConditionEvaluationReport$ConditionAndOutcomes
Event: 4.696 loading class org/springframework/boot/autoconfigure/condition/ConditionEvaluationReport$ConditionAndOutcomes done


Dynamic libraries:
0x00007ff6cf980000 - 0x00007ff6cf98f000 	C:\Program Files\Java\jdk-11.0.15\bin\java.exe
0x00007ffffe7d0000 - 0x00007ffffe9c8000 	C:\Windows\SYSTEM32\ntdll.dll
0x00007ffffda00000 - 0x00007ffffdabd000 	C:\Windows\System32\KERNEL32.DLL
0x00007ffffc2e0000 - 0x00007ffffc5ae000 	C:\Windows\System32\KERNELBASE.dll
0x00007ffffbef0000 - 0x00007ffffbff0000 	C:\Windows\System32\ucrtbase.dll
0x00007fffe89a0000 - 0x00007fffe89b8000 	C:\Program Files\Java\jdk-11.0.15\bin\jli.dll
0x00007ffffc920000 - 0x00007ffffc9ce000 	C:\Windows\System32\ADVAPI32.dll
0x00007ffffde70000 - 0x00007ffffdf0e000 	C:\Windows\System32\msvcrt.dll
0x00007ffffe380000 - 0x00007ffffe41c000 	C:\Windows\System32\sechost.dll
0x00007ffffc9d0000 - 0x00007ffffcaf5000 	C:\Windows\System32\RPCRT4.dll
0x00007ffffdac0000 - 0x00007ffffdc60000 	C:\Windows\System32\USER32.dll
0x00007ffffc080000 - 0x00007ffffc0a2000 	C:\Windows\System32\win32u.dll
0x00007ffffcdf0000 - 0x00007ffffce1a000 	C:\Windows\System32\GDI32.dll
0x00007ffffc130000 - 0x00007ffffc23b000 	C:\Windows\System32\gdi32full.dll
0x00007ffffc240000 - 0x00007ffffc2dd000 	C:\Windows\System32\msvcp_win.dll
0x00007fffe76d0000 - 0x00007fffe76e5000 	C:\Program Files\Java\jdk-11.0.15\bin\VCRUNTIME140.dll
0x00007fffe7430000 - 0x00007fffe76ca000 	C:\Windows\WinSxS\amd64_microsoft.windows.common-controls_6595b64144ccf1df_6.0.19041.1110_none_60b5254171f9507e\COMCTL32.dll
0x00007ffff4340000 - 0x00007ffff434a000 	C:\Windows\SYSTEM32\VERSION.dll
0x00007ffffcbe0000 - 0x00007ffffcc10000 	C:\Windows\System32\IMM32.DLL
0x00007fffe7390000 - 0x00007fffe742b000 	C:\Program Files\Java\jdk-11.0.15\bin\msvcp140.dll
0x00007fffe6870000 - 0x00007fffe7386000 	C:\Program Files\Java\jdk-11.0.15\bin\server\jvm.dll
0x00007ffffc830000 - 0x00007ffffc838000 	C:\Windows\System32\PSAPI.DLL
0x00007fffe8990000 - 0x00007fffe8999000 	C:\Windows\SYSTEM32\WSOCK32.dll
0x00007ffffd630000 - 0x00007ffffd69b000 	C:\Windows\System32\WS2_32.dll
0x00007fffee800000 - 0x00007fffee827000 	C:\Windows\SYSTEM32\WINMM.dll
0x00007ffff9dd0000 - 0x00007ffff9de2000 	C:\Windows\SYSTEM32\kernel.appcore.dll
0x00007fffe6860000 - 0x00007fffe6870000 	C:\Program Files\Java\jdk-11.0.15\bin\verify.dll
0x00007fffee880000 - 0x00007fffeea64000 	C:\Windows\SYSTEM32\DBGHELP.DLL
0x00007fffeda30000 - 0x00007fffeda5c000 	C:\Windows\SYSTEM32\dbgcore.DLL
0x00007ffffbff0000 - 0x00007ffffc072000 	C:\Windows\System32\bcryptPrimitives.dll
0x00007fffe6830000 - 0x00007fffe6858000 	C:\Program Files\Java\jdk-11.0.15\bin\java.dll
0x00007fffe6820000 - 0x00007fffe682a000 	C:\Program Files\Java\jdk-11.0.15\bin\jimage.dll
0x00007ffff7960000 - 0x00007ffff796e000 	C:\Program Files\Java\jdk-11.0.15\bin\instrument.dll
0x00007fffe6800000 - 0x00007fffe6816000 	C:\Program Files\Java\jdk-11.0.15\bin\zip.dll
0x00007ffffce20000 - 0x00007ffffd564000 	C:\Windows\System32\SHELL32.dll
0x00007ffff9fd0000 - 0x00007ffffa764000 	C:\Windows\SYSTEM32\windows.storage.dll
0x00007ffffd6a0000 - 0x00007ffffd9f4000 	C:\Windows\System32\combase.dll
0x00007ffffb7a0000 - 0x00007ffffb7d0000 	C:\Windows\SYSTEM32\Wldp.dll
0x00007ffffe600000 - 0x00007ffffe6ad000 	C:\Windows\System32\SHCORE.dll
0x00007ffffcb00000 - 0x00007ffffcb55000 	C:\Windows\System32\shlwapi.dll
0x00007ffffbe30000 - 0x00007ffffbe4f000 	C:\Windows\SYSTEM32\profapi.dll
0x00007fffe6570000 - 0x00007fffe6589000 	C:\Program Files\Java\jdk-11.0.15\bin\net.dll
0x00007ffff3bf0000 - 0x00007ffff3cfa000 	C:\Windows\SYSTEM32\WINHTTP.dll
0x00007ffffb580000 - 0x00007ffffb5ea000 	C:\Windows\system32\mswsock.dll
0x00007fffe6550000 - 0x00007fffe6562000 	C:\Program Files\Java\jdk-11.0.15\bin\nio.dll
0x00007fffee5d0000 - 0x00007fffee5ea000 	C:\Program Files\JetBrains\IntelliJ IDEA Community Edition 2022.2.1\bin\breakgen64.dll
0x00007ffffb290000 - 0x00007ffffb2cb000 	C:\Windows\SYSTEM32\IPHLPAPI.DLL
0x00007ffffd620000 - 0x00007ffffd628000 	C:\Windows\System32\NSI.dll
0x00007ffff49c0000 - 0x00007ffff49d7000 	C:\Windows\SYSTEM32\dhcpcsvc6.DLL
0x00007ffff49a0000 - 0x00007ffff49bd000 	C:\Windows\SYSTEM32\dhcpcsvc.DLL
0x00007ffffb2d0000 - 0x00007ffffb39a000 	C:\Windows\SYSTEM32\DNSAPI.dll
0x00007ffff3280000 - 0x00007ffff328a000 	C:\Windows\System32\rasadhlp.dll
0x00007ffff37a0000 - 0x00007ffff3820000 	C:\Windows\System32\fwpuclnt.dll
0x00007ffffc100000 - 0x00007ffffc127000 	C:\Windows\System32\bcrypt.dll
0x00007fffe8ba0000 - 0x00007fffe8ba9000 	C:\Program Files\Java\jdk-11.0.15\bin\management.dll
0x00007fffe58a0000 - 0x00007fffe58ab000 	C:\Program Files\Java\jdk-11.0.15\bin\management_ext.dll
0x00007fffe67e0000 - 0x00007fffe67f7000 	C:\Windows\system32\napinsp.dll
0x00007fffe67c0000 - 0x00007fffe67db000 	C:\Windows\system32\pnrpnsp.dll
0x00007fffe67a0000 - 0x00007fffe67b5000 	C:\Windows\system32\wshbth.dll
0x00007ffff7770000 - 0x00007ffff778d000 	C:\Windows\system32\NLAapi.dll
0x00007fffe6750000 - 0x00007fffe6762000 	C:\Windows\System32\winrnr.dll

dbghelp: loaded successfully - version: 4.0.5 - missing functions: none
symbol engine: initialized successfully - sym options: 0x614 - pdb path: .;C:\Program Files\Java\jdk-11.0.15\bin;C:\Windows\SYSTEM32;C:\Windows\WinSxS\amd64_microsoft.windows.common-controls_6595b64144ccf1df_6.0.19041.1110_none_60b5254171f9507e;C:\Program Files\Java\jdk-11.0.15\bin\server;C:\Program Files\JetBrains\IntelliJ IDEA Community Edition 2022.2.1\bin

VM Arguments:
jvm_args: -javaagent:C:\Program Files\JetBrains\IntelliJ IDEA Community Edition 2022.2.1\lib\idea_rt.jar=53180:C:\Program Files\JetBrains\IntelliJ IDEA Community Edition 2022.2.1\bin -Dfile.encoding=UTF-8 
java_command: com.example.demo.DemoApplication
java_class_path (initial): C:\Users\sfjbs\Downloads\demo (2)\demo\target\classes;C:\Users\sfjbs\.m2\repository\org\springframework\cloud\spring-cloud-starter-openfeign\3.1.3\spring-cloud-starter-openfeign-3.1.3.jar;C:\Users\sfjbs\.m2\repository\org\springframework\cloud\spring-cloud-starter\3.1.3\spring-cloud-starter-3.1.3.jar;C:\Users\sfjbs\.m2\repository\org\springframework\cloud\spring-cloud-context\3.1.3\spring-cloud-context-3.1.3.jar;C:\Users\sfjbs\.m2\repository\org\springframework\security\spring-security-rsa\1.0.10.RELEASE\spring-security-rsa-1.0.10.RELEASE.jar;C:\Users\sfjbs\.m2\repository\org\bouncycastle\bcpkix-jdk15on\1.68\bcpkix-jdk15on-1.68.jar;C:\Users\sfjbs\.m2\repository\org\bouncycastle\bcprov-jdk15on\1.68\bcprov-jdk15on-1.68.jar;C:\Users\sfjbs\.m2\repository\org\springframework\cloud\spring-cloud-openfeign-core\3.1.3\spring-cloud-openfeign-core-3.1.3.jar;C:\Users\sfjbs\.m2\repository\org\springframework\boot\spring-boot-autoconfigure\2.7.3\spring-boot-autoconfigure-2.7.3.jar;C:\Users\sfjbs\.m2\repository\org\springframework\boot\spring-boot-starter-aop\2.7.3\spring-boot-starter-aop-2.7.3.jar;C:\Users\sfjbs\.m2\repository\org\springframework\spring-aop\5.3.22\spring-aop-5.3.22.jar;C:\Users\sfjbs\.m2\repository\org\aspectj\aspectjweaver\1.9.7\aspectjweaver-1.9.7.jar;C:\Users\sfjbs\.m2\repository\io\github\openfeign\form\feign-form-spring\3.8.0\feign-form-spring-3.8.0.jar;C:\Users\sfjbs\.m2\repository\io\github\openfeign\form\feign-form\3.8.0\feign-form-3.8.0.jar;C:\Users\sfjbs\.m2\repository\commons-fileupload\commons-fileupload\1.4\commons-fileupload-1.4.jar;C:\Users\sfjbs\.m2\repository\commons-io\commons-io\2.2\commons-io-2.2.jar;C:\Users\sfjbs\.m2\repository\org\springframework\spring-web\5.3.22\spring-web-5.3.22.jar;C:\Users\sfjbs\.m2\repository\org\springframework\spring-beans\5.3.22\spring-beans-5.3.22.jar;C:\Users\sfjbs\.m2\repository\org\springframework\cloud\spring-cloud-commons\3.1.3\spring-cloud-commons-3.1.3.jar;C:\Users\sfjbs\.m2\rep
Launcher Type: SUN_STANDARD

[Global flags]
     intx CICompilerCount                          = 2                                         {product} {ergonomic}
     uint ConcGCThreads                            = 1                                         {product} {ergonomic}
     uint G1ConcRefinementThreads                  = 2                                         {product} {ergonomic}
   size_t G1HeapRegionSize                         = 1048576                                   {product} {ergonomic}
    uintx GCDrainStackTargetSize                   = 64                                        {product} {ergonomic}
   size_t InitialHeapSize                          = 134217728                                 {product} {ergonomic}
   size_t MarkStackSize                            = 4194304                                   {product} {ergonomic}
   size_t MaxHeapSize                              = 2147483648                                {product} {ergonomic}
   size_t MaxNewSize                               = 1287651328                                {product} {ergonomic}
   size_t MinHeapDeltaBytes                        = 1048576                                   {product} {ergonomic}
    uintx NonNMethodCodeHeapSize                   = 5825164                                {pd product} {ergonomic}
    uintx NonProfiledCodeHeapSize                  = 122916538                              {pd product} {ergonomic}
    uintx ProfiledCodeHeapSize                     = 122916538                              {pd product} {ergonomic}
    uintx ReservedCodeCacheSize                    = 251658240                              {pd product} {ergonomic}
     bool SegmentedCodeCache                       = true                                      {product} {ergonomic}
     bool UseCompressedClassPointers               = true                                 {lp64_product} {ergonomic}
     bool UseCompressedOops                        = true                                 {lp64_product} {ergonomic}
     bool UseG1GC                                  = true                                      {product} {ergonomic}
     bool UseLargePagesIndividualAllocation        = false                                  {pd product} {ergonomic}

Logging:
Log output configuration:
 #0: stdout all=warning uptime,level,tags
 #1: stderr all=off uptime,level,tags

Environment Variables:
PATH=C:\Program Files\Common Files\Oracle\Java\javapath;C:\Windows\system32;C:\Windows;C:\Windows\System32\Wbem;C:\Windows\System32\WindowsPowerShell\v1.0\;C:\Windows\System32\OpenSSH\;C:\Program Files\PuTTY\;C:\Program Files\Git\cmd;C:\Program Files\Docker\Docker\resources\bin;C:\ProgramData\DockerDesktop\version-bin;C:\Users\sfjbs\Downloads\apache-maven-3.8.6-bin\apache-maven-3.8.6\bin;C:\Users\sfjbs\Downloads\apache-maven-3.8.6-bin\apache-maven-3.8.6\lib;C:\Users\sfjbs\AppData\Local\Microsoft\WindowsApps;C:\Program Files\JetBrains\IntelliJ IDEA Community Edition 2022.2.1\bin;;C:\Users\sfjbs\Downloads\apache-maven-3.8.6-bin\apache-maven-3.8.6\bin;C:\Users\sfjbs\Downloads\apache-maven-3.8.6-bin\apache-maven-3.8.6\lib;
USERNAME=sfjbs
OS=Windows_NT
PROCESSOR_IDENTIFIER=Intel64 Family 6 Model 85 Stepping 7, GenuineIntel



---------------  S Y S T E M  ---------------

OS: Windows 10 , 64 bit Build 19041 (10.0.19041.1889)
Hyper-V role detected

CPU:total 2 (initial active 2) (1 cores per cpu, 2 threads per core) family 6 model 85 stepping 7 microcode 0xffffffff, cmov, cx8, fxsr, mmx, sse, sse2, sse3, ssse3, sse4.1, sse4.2, popcnt, avx, avx2, aes, clmul, erms, rtm, 3dnowpref, lzcnt, ht, tsc, bmi1, bmi2, adx, evex, fma

Memory: 4k page, system-wide physical 8190M (487M free)
TotalPageFile size 10238M (AvailPageFile size 4M)
current process WorkingSet (physical memory assigned to process): 133M, peak: 133M
current process commit charge ("private bytes"): 261M, peak: 262M

vm_info: Java HotSpot(TM) 64-Bit Server VM (11.0.15+8-LTS-149) for windows-amd64 JRE (11.0.15+8-LTS-149), built on Mar  9 2022 22:42:32 by "mach5one" with MS VC++ 15.9 (VS2017)

END.
